<?xml version="1.0" encoding="utf-8"?><testsuites name="pytest tests"><testsuite name="pytest" errors="0" failures="0" skipped="0" tests="18" time="5.280" timestamp="2026-07-03T12:36:52.305563+00:00" hostname="agent-env-c508c04c-e648-487d-9ad6-beb1ef8a7ccb"><testcase classname="backend.tests_pytest.test_paypal" name="test_paypal_config_public" time="0.216" /><testcase classname="backend.tests_pytest.test_paypal" name="test_paypal_config_no_auth_required" time="0.112" /><testcase classname="backend.tests_pytest.test_paypal" name="test_create_order_depot_ok" time="1.892" /><testcase classname="backend.tests_pytest.test_paypal" name="test_create_order_produit_ok" time="0.948" /><testcase classname="backend.tests_pytest.test_paypal" name="test_create_order_invalid_amount_zero" time="0.050" /><testcase classname="backend.tests_pytest.test_paypal" name="test_create_order_invalid_amount_negative" time="0.051" /><testcase classname="backend.tests_pytest.test_paypal" name="test_create_order_invalid_amount_too_large" time="0.049" /><testcase classname="backend.tests_pytest.test_paypal" name="test_create_order_foreign_compte_returns_404" time="0.053" /><testcase classname="backend.tests_pytest.test_paypal" name="test_create_order_bad_usage" time="0.048" /><testcase classname="backend.tests_pytest.test_paypal" name="test_create_order_requires_auth" time="0.118" /><testcase classname="backend.tests_pytest.test_paypal" name="test_capture_unapproved_order_returns_clean_error" time="1.163" /><testcase classname="backend.tests_pytest.test_paypal" name="test_capture_unknown_order_returns_404" time="0.051" /><testcase classname="backend.tests_pytest.test_paypal" name="test_capture_requires_auth" time="0.098" /><testcase classname="backend.tests_pytest.test_paypal" name="test_historique_returns_only_current_user" time="0.049" /><testcase classname="backend.tests_pytest.test_paypal" name="test_historique_requires_auth" time="0.101" /><testcase classname="backend.tests_pytest.test_paypal" name="test_sante_still_ok" time="0.128" /><testcase classname="backend.tests_pytest.test_paypal" name="test_comptes_endpoint_still_works" time="0.048" /><testcase classname="backend.tests_pytest.test_paypal" name="test_transactions_endpoint_still_works" time="0.048" /></testsuite></testsuites>