<?xml version="1.0" encoding="utf-8"?><testsuites name="pytest tests"><testsuite name="pytest" errors="0" failures="0" skipped="0" tests="12" time="2.968" timestamp="2026-07-03T12:04:31.454908+00:00" hostname="agent-env-c508c04c-e648-487d-9ad6-beb1ef8a7ccb"><testcase classname="test_backend" name="test_health_endpoint" time="0.211" /><testcase classname="test_backend" name="test_admin_login_returns_temp_token_and_demo_code" time="0.427" /><testcase classname="test_backend" name="test_admin_verify_otp_returns_final_token" time="0.547" /><testcase classname="test_backend" name="test_admin_stats_requires_auth" time="0.044" /><testcase classname="test_backend" name="test_admin_stats_with_token" time="0.111" /><testcase classname="test_backend" name="test_admin_me_endpoint" time="0.115" /><testcase classname="test_backend" name="test_register_new_client" time="0.340" /><testcase classname="test_backend" name="test_register_weak_password_rejected" time="0.047" /><testcase classname="test_backend" name="test_register_duplicate_email_rejected" time="0.059" /><testcase classname="test_backend" name="test_client_login_and_view_account" time="0.642" /><testcase classname="test_backend" name="test_login_invalid_credentials" time="0.349" /><testcase classname="test_backend" name="test_protected_route_without_token" time="0.044" /></testsuite></testsuites>